\BOOKMARK [0][-]{section*.1}{\376\377\144\130\000\040\211\201}{}% 1
\BOOKMARK [0][-]{section*.3}{\376\377\000A\000b\000s\000t\000r\000a\000c\000t}{}% 2
\BOOKMARK [0][-]{section*.6}{\376\377\147\057\213\355\116\016\173\046\123\367\176\246\133\232}{}% 3
\BOOKMARK [0][-]{chapter.1}{\376\377\176\352\213\272}{}% 4
\BOOKMARK [1][-]{section.1.1}{\376\377\170\024\172\166\200\314\146\157}{chapter.1}% 5
\BOOKMARK [1][-]{section.1.2}{\376\377\170\024\172\166\121\205\133\271}{chapter.1}% 6
\BOOKMARK [1][-]{section.1.3}{\376\377\213\272\145\207\176\304\176\307}{chapter.1}% 7
\BOOKMARK [0][-]{chapter.2}{\376\377\166\370\121\163\170\024\172\166}{}% 8
\BOOKMARK [1][-]{section.2.1}{\376\377\147\054\117\123\147\204\142\020\211\201\175\040}{chapter.2}% 9
\BOOKMARK [2][-]{subsection.2.1.1}{\376\377\116\052\117\123\000\050\000i\000n\000d\000i\000v\000i\000d\000u\000a\000l\000s\000\051}{section.2.1}% 10
\BOOKMARK [2][-]{subsection.2.1.2}{\376\377\174\173\000\050\000c\000l\000a\000s\000s\000e\000s\000\051}{section.2.1}% 11
\BOOKMARK [2][-]{subsection.2.1.3}{\376\377\134\136\140\047\000\050\000P\000r\000o\000p\000e\000r\000t\000i\000e\000s\000\051}{section.2.1}% 12
\BOOKMARK [2][-]{subsection.2.1.4}{\376\377\121\163\174\373\000\050\000R\000e\000l\000a\000t\000i\000o\000n\000s\000h\000i\000p\000s\000\051}{section.2.1}% 13
\BOOKMARK [1][-]{section.2.2}{\376\377\147\054\117\123\143\317\217\360\213\355\212\000}{chapter.2}% 14
\BOOKMARK [1][-]{section.2.3}{\376\377\147\054\117\123\147\204\136\372\145\271\154\325\170\024\172\166}{chapter.2}% 15
\BOOKMARK [1][-]{section.2.4}{\376\377\225\356\173\124\145\271\154\325\170\024\172\166}{chapter.2}% 16
\BOOKMARK [2][-]{subsection.2.4.1}{\376\377\127\372\116\216\213\355\116\111\211\343\147\220\166\204\000K\000B\000Q\000A}{section.2.4}% 17
\BOOKMARK [2][-]{subsection.2.4.2}{\376\377\127\372\116\216\117\341\140\157\150\300\175\042\166\204\000K\000B\000Q\000A}{section.2.4}% 18
\BOOKMARK [1][-]{section.2.5}{\376\377\147\054\145\207\116\016\135\362\147\011\135\345\117\134\116\015\124\014}{chapter.2}% 19
\BOOKMARK [1][-]{section.2.6}{\376\377\147\054\172\340\134\017\176\323}{chapter.2}% 20
\BOOKMARK [0][-]{chapter.3}{\376\377\127\372\116\216\147\054\117\123\166\204\127\060\164\006\167\345\213\306\225\356\173\124\174\373\176\337}{}% 21
\BOOKMARK [1][-]{section.3.1}{\376\377\174\373\176\337\116\373\122\241\122\006\147\220}{chapter.3}% 22
\BOOKMARK [1][-]{section.3.2}{\376\377\174\373\176\337\140\073\117\123\213\276\213\241}{chapter.3}% 23
\BOOKMARK [2][-]{subsection.3.2.1}{\376\377\122\237\200\375\152\041\127\127\176\323\147\204\213\276\213\241}{section.3.2}% 24
\BOOKMARK [2][-]{subsection.3.2.2}{\376\377\140\073\117\123\135\345\117\134\155\101\172\013\213\276\213\241}{section.3.2}% 25
\BOOKMARK [1][-]{section.3.3}{\376\377\174\373\176\337\213\346\176\306\213\276\213\241}{chapter.3}% 26
\BOOKMARK [2][-]{subsection.3.3.1}{\376\377\127\060\164\006\147\054\117\123\167\345\213\306\136\223\147\204\136\372}{section.3.3}% 27
\BOOKMARK [2][-]{subsection.3.3.2}{\376\377\120\031\220\011\133\236\117\123\173\124\150\110\116\011\121\103\176\304\165\037\142\020}{section.3.3}% 28
\BOOKMARK [2][-]{subsection.3.3.3}{\376\377\127\372\116\216\154\350\141\017\122\233\147\072\122\066\166\204\127\060\164\006\167\345\213\306\136\223\225\356\173\124\152\041\127\213}{section.3.3}% 29
\BOOKMARK [2][-]{subsection.3.3.4}{\376\377\225\356\230\230\147\000\176\310\173\124\150\110\220\011\123\326\173\126\165\145}{section.3.3}% 30
\BOOKMARK [1][-]{section.3.4}{\376\377\174\373\176\337\133\236\163\260\163\257\130\203}{chapter.3}% 31
\BOOKMARK [1][-]{section.3.5}{\376\377\147\054\172\340\134\017\176\323}{chapter.3}% 32
\BOOKMARK [0][-]{chapter.4}{\376\377\127\060\164\006\147\054\117\123\167\345\213\306\136\223\147\204\136\372}{}% 33
\BOOKMARK [1][-]{section.4.1}{\376\377\127\060\164\006\147\054\117\123\000C\000G\000e\000o\000O\000n\000t\147\204\136\372}{chapter.4}% 34
\BOOKMARK [2][-]{subsection.4.1.1}{\376\377\127\060\164\006\167\345\213\306\156\220\220\011\123\326}{section.4.1}% 35
\BOOKMARK [2][-]{subsection.4.1.2}{\376\377\127\060\164\006\167\345\213\306\117\123\174\373\133\232\116\111}{section.4.1}% 36
\BOOKMARK [2][-]{subsection.4.1.3}{\376\377\127\060\164\006\147\054\117\123\147\204\136\372\211\304\203\003}{section.4.1}% 37
\BOOKMARK [2][-]{subsection.4.1.4}{\376\377\127\060\164\006\147\054\117\123\127\372\147\054\121\103\175\040\133\232\116\111}{section.4.1}% 38
\BOOKMARK [1][-]{section.4.2}{\376\377\127\060\164\006\147\054\117\123\207\215\124\010}{chapter.4}% 39
\BOOKMARK [2][-]{subsection.4.2.1}{\376\377\147\054\117\123\000C\000l\000i\000n\000g\000a}{section.4.2}% 40
\BOOKMARK [2][-]{subsection.4.2.2}{\376\377\127\060\164\006\147\054\117\123\207\215\124\010\145\271\154\325}{section.4.2}% 41
\BOOKMARK [1][-]{section.4.3}{\376\377\127\060\164\006\147\054\117\123\133\130\120\250\116\016\150\300\175\042}{chapter.4}% 42
\BOOKMARK [1][-]{section.4.4}{\376\377\127\060\164\006\147\054\117\123\213\315\121\170\165\037\142\020}{chapter.4}% 43
\BOOKMARK [1][-]{section.4.5}{\376\377\147\054\172\340\134\017\176\323}{chapter.4}% 44
\BOOKMARK [0][-]{chapter.5}{\376\377\127\372\116\216\154\350\141\017\122\233\147\072\122\066\166\204\127\060\164\006\167\345\213\306\136\223\225\356\173\124\152\041\127\213}{}% 45
\BOOKMARK [1][-]{section.5.1}{\376\377\152\041\127\213\150\070\137\303\173\227\154\325}{chapter.5}% 46
\BOOKMARK [2][-]{subsection.5.1.1}{\376\377\000R\000N\000N\210\150\171\072\136\217\122\027\145\160\143\156\123\237\164\006}{section.5.1}% 47
\BOOKMARK [2][-]{subsection.5.1.2}{\376\377\127\372\116\216\000L\000S\000T\000M\166\204\225\356\230\230\060\001\173\124\150\110\210\150\171\072}{section.5.1}% 48
\BOOKMARK [2][-]{subsection.5.1.3}{\376\377\127\372\116\216\000B\000i\000-\000L\000S\000T\000M\166\204\225\356\230\230\060\001\173\124\150\110\210\150\171\072}{section.5.1}% 49
\BOOKMARK [2][-]{subsection.5.1.4}{\376\377\127\372\116\216\154\350\141\017\122\233\147\072\122\066\166\204\173\124\150\110\210\150\171\072}{section.5.1}% 50
\BOOKMARK [1][-]{section.5.2}{\376\377\152\041\127\213\213\255\176\303}{chapter.5}% 51
\BOOKMARK [1][-]{section.5.3}{\376\377\133\236\232\214}{chapter.5}% 52
\BOOKMARK [2][-]{subsection.5.3.1}{\376\377\133\236\232\214\166\356\166\204}{section.5.3}% 53
\BOOKMARK [2][-]{subsection.5.3.2}{\376\377\133\236\232\214\123\302\145\160\213\276\177\156}{section.5.3}% 54
\BOOKMARK [2][-]{subsection.5.3.3}{\376\377\133\236\232\214\145\160\143\156\226\306\147\204\136\372}{section.5.3}% 55
\BOOKMARK [2][-]{subsection.5.3.4}{\376\377\133\236\232\214\213\304\116\367\143\007\150\007}{section.5.3}% 56
\BOOKMARK [2][-]{subsection.5.3.5}{\376\377\133\236\232\214\176\323\147\234\123\312\122\006\147\220}{section.5.3}% 57
\BOOKMARK [1][-]{section.5.4}{\376\377\147\054\172\340\134\017\176\323}{chapter.5}% 58
\BOOKMARK [0][-]{chapter.6}{\376\377\140\073\176\323\116\016\134\125\147\033}{}% 59
\BOOKMARK [1][-]{section.6.1}{\376\377\140\073\176\323}{chapter.6}% 60
\BOOKMARK [1][-]{section.6.2}{\376\377\147\052\147\145\134\125\147\033}{chapter.6}% 61
\BOOKMARK [0][-]{section*.20}{\376\377\201\364\000\040\214\042}{}% 62
\BOOKMARK [0][-]{section*.22}{\376\377\123\302\200\003\145\207\163\056}{}% 63
