\BOOKMARK [0][-]{section*.1}{\376\377\144\130\000\040\211\201}{}% 1
\BOOKMARK [0][-]{section*.3}{\376\377\000A\000b\000s\000t\000r\000a\000c\000t}{}% 2
\BOOKMARK [0][-]{section*.6}{\376\377\143\322\126\376\166\356\137\125}{}% 3
\BOOKMARK [0][-]{section*.8}{\376\377\210\150\150\074\166\356\137\125}{}% 4
\BOOKMARK [0][-]{section*.10}{\376\377\173\227\154\325\166\356\137\125}{}% 5
\BOOKMARK [0][-]{section*.12}{\376\377\147\057\213\355\116\016\145\160\133\146\173\046\123\367\176\246\133\232}{}% 6
\BOOKMARK [0][-]{chapter.1}{\376\377\176\352\213\272}{}% 7
\BOOKMARK [1][-]{section.1.1}{\376\377\162\110\147\103\130\360\146\016}{chapter.1}% 8
\BOOKMARK [1][-]{section.1.2}{\376\377\162\110\147\054\123\206\123\362}{chapter.1}% 9
\BOOKMARK [0][-]{chapter.2}{\376\377\116\013\217\175\124\214\133\211\210\305}{}% 10
\BOOKMARK [1][-]{section.2.1}{\376\377\116\013\217\175}{chapter.2}% 11
\BOOKMARK [1][-]{section.2.2}{\376\377\133\211\210\305}{chapter.2}% 12
\BOOKMARK [0][-]{chapter.3}{\376\377\117\177\165\050\213\364\146\016}{}% 13
\BOOKMARK [1][-]{section.3.1}{\376\377\152\041\147\177\145\164\117\123\150\106\147\266}{chapter.3}% 14
\BOOKMARK [1][-]{section.3.2}{\376\377\213\346\176\306\213\364\146\016}{chapter.3}% 15
\BOOKMARK [0][-]{chapter.4}{\376\377\154\350\141\017\116\213\230\171}{}% 16
\BOOKMARK [1][-]{section.4.1}{\376\377\145\207\163\056\137\025\165\050}{chapter.4}% 17
\BOOKMARK [1][-]{section.4.2}{\376\377\123\302\200\003\145\207\163\056\150\074\137\017}{chapter.4}% 18
\BOOKMARK [1][-]{section.4.3}{\376\377\126\376\210\150\150\074\137\017\131\004\164\006}{chapter.4}% 19
\BOOKMARK [1][-]{section.4.4}{\376\377\173\227\154\325\150\074\137\017\131\004\164\006}{chapter.4}% 20
\BOOKMARK [1][-]{section.4.5}{\376\377\147\057\213\355\165\037\142\020}{chapter.4}% 21
\BOOKMARK [0][-]{chapter.5}{\376\377\000s\000e\000u\000t\000h\000e\000s\000i\000x\000.\000b\000s\000t\123\302\200\003\145\207\163\056\150\074\137\017}{}% 22
\BOOKMARK [1][-]{section.5.1}{\376\377\173\200\116\313}{chapter.5}% 23
\BOOKMARK [1][-]{section.5.2}{\376\377\145\057\143\001\166\204\000E\000n\000t\000r\000y\000\040\000t\000y\000p\000e}{chapter.5}% 24
\BOOKMARK [1][-]{section.5.3}{\376\377\124\004\000\040\000e\000n\000t\000r\000y\000\040\000t\000y\000p\000e\000\040\142\100\145\057\143\001\166\204\000f\000i\000e\000l\000d}{chapter.5}% 25
\BOOKMARK [0][-]{chapter.6}{\376\377\121\150\145\207\140\073\176\323}{}% 26
\BOOKMARK [0][-]{section*.16}{\376\377\201\364\000\040\214\042}{}% 27
\BOOKMARK [0][-]{section*.18}{\376\377\123\302\200\003\145\207\163\056}{}% 28
\BOOKMARK [0][-]{appendix.A}{\376\377\116\034\123\127\131\047\133\146\170\024\172\166\165\037\133\146\117\115\213\272\145\207\166\204\150\074\137\017\211\304\133\232}{}% 29
\BOOKMARK [0][-]{section*.19}{\376\377\117\134\200\005\173\200\116\313}{}% 30
